c:\users\saramac\documents\visual studio 2013\projects\mini_search\x64\release\trietree.obj
c:\users\saramac\documents\visual studio 2013\projects\mini_search\x64\release\test.obj
c:\users\saramac\documents\visual studio 2013\projects\mini_search\x64\release\stack.obj
c:\users\saramac\documents\visual studio 2013\projects\mini_search\x64\release\search.obj
c:\users\saramac\documents\visual studio 2013\projects\mini_search\x64\release\inverted_index.obj
c:\users\saramac\documents\visual studio 2013\projects\mini_search\x64\release\htmlparser.obj
c:\users\saramac\documents\visual studio 2013\projects\mini_search\x64\release\dictionary.obj
c:\users\saramac\documents\visual studio 2013\projects\mini_search\x64\release\chinese_word_segment.obj
c:\users\saramac\documents\visual studio 2013\projects\mini_search\x64\release\mini_search.obj
c:\users\saramac\documents\visual studio 2013\projects\mini_search\x64\release\main.obj
c:\users\saramac\documents\visual studio 2013\projects\mini_search\x64\release\moc_mini_search.obj
c:\users\saramac\documents\visual studio 2013\projects\mini_search\x64\release\moc_dialog.obj
c:\users\saramac\documents\visual studio 2013\projects\mini_search\x64\release\dialog.obj
c:\users\saramac\documents\visual studio 2013\projects\mini_search\x64\release\qrc_mini_search.obj
c:\users\saramac\documents\visual studio 2013\projects\mini_search\generatedfiles\release\moc_mini_search.cpp
c:\users\saramac\documents\visual studio 2013\projects\mini_search\generatedfiles\ui_mini_search.h
c:\users\saramac\documents\visual studio 2013\projects\mini_search\generatedfiles\release\moc_dialog.cpp
c:\users\saramac\documents\visual studio 2013\projects\mini_search\generatedfiles\qrc_mini_search.cpp
c:\users\saramac\documents\visual studio 2013\projects\mini_search\generatedfiles\ui_dialog.h
c:\users\saramac\documents\visual studio 2013\projects\mini_search\x64\release\mini_search.exe
c:\users\saramac\documents\visual studio 2013\projects\mini_search\x64\release\mini_search.res
c:\users\saramac\documents\visual studio 2013\projects\mini_search\x64\release\mini_search.tlog\cl.command.1.tlog
c:\users\saramac\documents\visual studio 2013\projects\mini_search\x64\release\mini_search.tlog\cl.read.1.tlog
c:\users\saramac\documents\visual studio 2013\projects\mini_search\x64\release\mini_search.tlog\cl.write.1.tlog
c:\users\saramac\documents\visual studio 2013\projects\mini_search\x64\release\mini_search.tlog\custombuild.command.1.tlog
c:\users\saramac\documents\visual studio 2013\projects\mini_search\x64\release\mini_search.tlog\custombuild.read.1.tlog
c:\users\saramac\documents\visual studio 2013\projects\mini_search\x64\release\mini_search.tlog\custombuild.write.1.tlog
c:\users\saramac\documents\visual studio 2013\projects\mini_search\x64\release\mini_search.tlog\link.command.1.tlog
c:\users\saramac\documents\visual studio 2013\projects\mini_search\x64\release\mini_search.tlog\link.read.1.tlog
c:\users\saramac\documents\visual studio 2013\projects\mini_search\x64\release\mini_search.tlog\link.write.1.tlog
c:\users\saramac\documents\visual studio 2013\projects\mini_search\x64\release\mini_search.tlog\rc.command.1.tlog
c:\users\saramac\documents\visual studio 2013\projects\mini_search\x64\release\mini_search.tlog\rc.read.1.tlog
c:\users\saramac\documents\visual studio 2013\projects\mini_search\x64\release\mini_search.tlog\rc.write.1.tlog
