c:\users\saramac\documents\visual studio 2013\projects\mini_search\mini_search\x64\debug\vc120.pdb
c:\users\saramac\documents\visual studio 2013\projects\mini_search\mini_search\x64\debug\trietree.obj
c:\users\saramac\documents\visual studio 2013\projects\mini_search\mini_search\x64\debug\test.obj
c:\users\saramac\documents\visual studio 2013\projects\mini_search\mini_search\x64\debug\stack.obj
c:\users\saramac\documents\visual studio 2013\projects\mini_search\mini_search\x64\debug\search.obj
c:\users\saramac\documents\visual studio 2013\projects\mini_search\mini_search\x64\debug\inverted_index.obj
c:\users\saramac\documents\visual studio 2013\projects\mini_search\mini_search\x64\debug\htmlparser.obj
c:\users\saramac\documents\visual studio 2013\projects\mini_search\mini_search\x64\debug\dictionary.obj
c:\users\saramac\documents\visual studio 2013\projects\mini_search\mini_search\x64\debug\chinese_word_segment.obj
c:\users\saramac\documents\visual studio 2013\projects\mini_search\mini_search\x64\debug\mini_search.obj
c:\users\saramac\documents\visual studio 2013\projects\mini_search\mini_search\x64\debug\main.obj
c:\users\saramac\documents\visual studio 2013\projects\mini_search\mini_search\x64\debug\moc_mini_search.obj
c:\users\saramac\documents\visual studio 2013\projects\mini_search\mini_search\x64\debug\moc_dialog.obj
c:\users\saramac\documents\visual studio 2013\projects\mini_search\mini_search\x64\debug\dialog.obj
c:\users\saramac\documents\visual studio 2013\projects\mini_search\mini_search\x64\debug\qrc_mini_search.obj
c:\users\saramac\documents\visual studio 2013\projects\mini_search\mini_search\generatedfiles\debug\moc_mini_search.cpp
c:\users\saramac\documents\visual studio 2013\projects\mini_search\mini_search\generatedfiles\ui_mini_search.h
c:\users\saramac\documents\visual studio 2013\projects\mini_search\mini_search\generatedfiles\debug\moc_dialog.cpp
c:\users\saramac\documents\visual studio 2013\projects\mini_search\mini_search\generatedfiles\qrc_mini_search.cpp
c:\users\saramac\documents\visual studio 2013\projects\mini_search\mini_search\generatedfiles\ui_dialog.h
c:\users\saramac\documents\visual studio 2013\projects\mini_search\mini_search\x64\debug\mini_search.ilk
c:\users\saramac\documents\visual studio 2013\projects\mini_search\mini_search\x64\debug\mini_search.exe
c:\users\saramac\documents\visual studio 2013\projects\mini_search\mini_search\x64\debug\mini_search.pdb
c:\users\saramac\documents\visual studio 2013\projects\mini_search\mini_search\x64\debug\mini_search.res
c:\users\saramac\documents\visual studio 2013\projects\mini_search\x64\debug\chinese_word_segment.obj
c:\users\saramac\documents\visual studio 2013\projects\mini_search\x64\debug\dialog.obj
c:\users\saramac\documents\visual studio 2013\projects\mini_search\x64\debug\dictionary.obj
c:\users\saramac\documents\visual studio 2013\projects\mini_search\x64\debug\htmlparser.obj
c:\users\saramac\documents\visual studio 2013\projects\mini_search\x64\debug\inverted_index.obj
c:\users\saramac\documents\visual studio 2013\projects\mini_search\x64\debug\main.obj
c:\users\saramac\documents\visual studio 2013\projects\mini_search\x64\debug\mini_search.obj
c:\users\saramac\documents\visual studio 2013\projects\mini_search\x64\debug\moc_dialog.obj
c:\users\saramac\documents\visual studio 2013\projects\mini_search\x64\debug\moc_mini_search.obj
c:\users\saramac\documents\visual studio 2013\projects\mini_search\x64\debug\qrc_mini_search.obj
c:\users\saramac\documents\visual studio 2013\projects\mini_search\x64\debug\search.obj
c:\users\saramac\documents\visual studio 2013\projects\mini_search\x64\debug\stack.obj
c:\users\saramac\documents\visual studio 2013\projects\mini_search\x64\debug\test.obj
c:\users\saramac\documents\visual studio 2013\projects\mini_search\x64\debug\trietree.obj
c:\users\saramac\documents\visual studio 2013\projects\mini_search\x64\debug\mini_search.ilk
c:\users\saramac\documents\visual studio 2013\projects\mini_search\x64\debug\mini_search.res
c:\users\saramac\documents\visual studio 2013\projects\mini_search\x64\debug\mini_search.pdb
c:\users\saramac\documents\visual studio 2013\projects\mini_search\x64\debug\vc120.pdb
c:\users\saramac\documents\visual studio 2013\projects\mini_search\x64\debug\mini_search.exe
c:\users\saramac\documents\visual studio 2013\projects\mini_search\x64\debug\mini_search.tlog\cl.command.1.tlog
c:\users\saramac\documents\visual studio 2013\projects\mini_search\x64\debug\mini_search.tlog\cl.read.1.tlog
c:\users\saramac\documents\visual studio 2013\projects\mini_search\x64\debug\mini_search.tlog\cl.write.1.tlog
c:\users\saramac\documents\visual studio 2013\projects\mini_search\x64\debug\mini_search.tlog\custombuild.command.1.tlog
c:\users\saramac\documents\visual studio 2013\projects\mini_search\x64\debug\mini_search.tlog\custombuild.read.1.tlog
c:\users\saramac\documents\visual studio 2013\projects\mini_search\x64\debug\mini_search.tlog\custombuild.write.1.tlog
c:\users\saramac\documents\visual studio 2013\projects\mini_search\x64\debug\mini_search.tlog\link.command.1.tlog
c:\users\saramac\documents\visual studio 2013\projects\mini_search\x64\debug\mini_search.tlog\link.read.1.tlog
c:\users\saramac\documents\visual studio 2013\projects\mini_search\x64\debug\mini_search.tlog\link.write.1.tlog
c:\users\saramac\documents\visual studio 2013\projects\mini_search\x64\debug\mini_search.tlog\rc.command.1.tlog
c:\users\saramac\documents\visual studio 2013\projects\mini_search\x64\debug\mini_search.tlog\rc.read.1.tlog
c:\users\saramac\documents\visual studio 2013\projects\mini_search\x64\debug\mini_search.tlog\rc.write.1.tlog
